[debug] [2022-06-26T08:24:51.391Z] ----------------------------------------------------------------------
[debug] [2022-06-26T08:24:51.393Z] Command:       /home/brenofaria/.nvm/versions/node/v16.15.0/bin/node /home/brenofaria/.nvm/versions/node/v16.15.0/bin/firebase init
[debug] [2022-06-26T08:24:51.393Z] CLI Version:   11.1.0
[debug] [2022-06-26T08:24:51.394Z] Platform:      linux
[debug] [2022-06-26T08:24:51.394Z] Node Version:  v16.15.0
[debug] [2022-06-26T08:24:51.394Z] Time:          Sun Jun 26 2022 04:24:51 GMT-0400 (GMT-04:00)
[debug] [2022-06-26T08:24:51.394Z] ----------------------------------------------------------------------
[debug] 
[debug] [2022-06-26T08:24:51.399Z] > command requires scopes: ["email","openid","https://www.googleapis.com/auth/cloudplatformprojects.readonly","https://www.googleapis.com/auth/firebase","https://www.googleapis.com/auth/cloud-platform"]
[debug] [2022-06-26T08:24:51.399Z] > authorizing via signed-in user (brnfaria8@gmail.com)
[info] 
     ######## #### ########  ######## ########     ###     ######  ########
     ##        ##  ##     ## ##       ##     ##  ##   ##  ##       ##
     ######    ##  ########  ######   ########  #########  ######  ######
     ##        ##  ##    ##  ##       ##     ## ##     ##       ## ##
     ##       #### ##     ## ######## ########  ##     ##  ######  ########

You're about to initialize a Firebase project in this directory:

  /home/brenofaria/u-there

[info] 
=== Project Setup
[info] 
[info] First, let's associate this project directory with a Firebase project.
[info] You can create multiple project aliases by running firebase use --add, 
[info] but for now we'll just set up a default project.
[info] 
[debug] [2022-06-26T08:25:11.089Z] >>> [apiv2][query] GET https://firebase.googleapis.com/v1beta1/projects pageSize=100
[debug] [2022-06-26T08:25:12.410Z] <<< [apiv2][status] GET https://firebase.googleapis.com/v1beta1/projects 200
[debug] [2022-06-26T08:25:12.411Z] <<< [apiv2][body] GET https://firebase.googleapis.com/v1beta1/projects [omitted]
[info] i  Using project u-there (u-there) 
[info] 
=== Hosting Setup
[info] 
[info] Your public directory is the folder (relative to your project directory) that
[info] will contain Hosting assets to be uploaded with firebase deploy. If you
[info] have a build process for your assets, use your build's output directory.
[info] 
